2023-04-04 02:26:33 DEBUG SpringBootTestContextBootstrapper:287 - Neither @ContextConfiguration nor @ContextHierarchy found for test class [SpringbootSeleniumTest]: using SpringBootContextLoader
2023-04-04 02:26:33 DEBUG AbstractContextLoader:271 - Could not detect default resource locations for test class [com.testscripts.SpringbootSeleniumTest]: no resource found for suffixes {-context.xml, Context.groovy}.
2023-04-04 02:26:33 DEBUG SpringBootTestContextBootstrapper:394 - Using ContextCustomizers for test class [SpringbootSeleniumTest]: [ExcludeFilterContextCustomizer, DuplicateJsonObjectContextCustomizer, MockitoContextCustomizer, TestRestTemplateContextCustomizer]
2023-04-04 02:26:33 DEBUG TestContextSpringFactoriesUtils:42 - Skipping candidate TestExecutionListener [org.springframework.test.context.web.ServletTestExecutionListener] due to a missing dependency. Specify custom TestExecutionListener classes or make the default TestExecutionListener classes and their required dependencies available. Offending class: [jakarta/servlet/ServletContext]
2023-04-04 02:26:33 DEBUG TestContextSpringFactoriesUtils:42 - Skipping candidate TestExecutionListener [org.springframework.test.context.transaction.TransactionalTestExecutionListener] due to a missing dependency. Specify custom TestExecutionListener classes or make the default TestExecutionListener classes and their required dependencies available. Offending class: [org/springframework/transaction/interceptor/TransactionAttributeSource]
2023-04-04 02:26:33 DEBUG TestContextSpringFactoriesUtils:42 - Skipping candidate TestExecutionListener [org.springframework.test.context.jdbc.SqlScriptsTestExecutionListener] due to a missing dependency. Specify custom TestExecutionListener classes or make the default TestExecutionListener classes and their required dependencies available. Offending class: [org/springframework/transaction/interceptor/TransactionAttribute]
2023-04-04 02:26:33 DEBUG SpringBootTestContextBootstrapper:181 - Using TestExecutionListeners for test class [SpringbootSeleniumTest]: [DirtiesContextBeforeModesTestExecutionListener, ApplicationEventsTestExecutionListener, MockitoTestExecutionListener, DependencyInjectionTestExecutionListener, DirtiesContextTestExecutionListener, EventPublishingTestExecutionListener, ResetMocksTestExecutionListener]
2023-04-04 02:26:33 INFO  Log:11 - Execution of Test Suite Started..
2023-04-04 02:26:33 DEBUG AbstractDirtiesContextTestExecutionListener:154 - Before test class: class [SpringbootSeleniumTest], class annotated with @DirtiesContext [false] with mode [null]
2023-04-04 02:26:33 DEBUG DependencyInjectionTestExecutionListener:91 - Performing dependency injection for test class com.testscripts.SpringbootSeleniumTest
2023-04-04 02:26:34 INFO  SpringbootSeleniumTest:51 - Starting SpringbootSeleniumTest using Java 18.0.2.1 with PID 19196 (E:\MUNTESH\my_workspace\springboot-selenium-framework\target\test-classes started by mukesh in E:\MUNTESH\my_workspace\springboot-selenium-framework)
2023-04-04 02:26:34 DEBUG SpringbootSeleniumTest:52 - Running with Spring Boot v3.0.5, Spring v6.0.7
2023-04-04 02:26:34 INFO  SpringbootSeleniumTest:632 - No active profile set, falling back to 1 default profile: "default"
2023-04-04 02:26:34 DEBUG SpringApplication:665 - Loading source class com.seleniumspringboot.utils.BrowserFactory
2023-04-04 02:26:34 DEBUG AnnotationConfigApplicationContext:630 - Refreshing org.springframework.context.annotation.AnnotationConfigApplicationContext@4a3be6a5
2023-04-04 02:26:34 DEBUG DefaultListableBeanFactory:225 - Creating shared instance of singleton bean 'org.springframework.context.annotation.internalConfigurationAnnotationProcessor'
2023-04-04 02:26:34 DEBUG DefaultListableBeanFactory:225 - Creating shared instance of singleton bean 'org.springframework.boot.test.mock.mockito.MockitoPostProcessor'
2023-04-04 02:26:34 DEBUG DefaultListableBeanFactory:225 - Creating shared instance of singleton bean 'org.springframework.context.event.internalEventListenerProcessor'
2023-04-04 02:26:34 DEBUG DefaultListableBeanFactory:225 - Creating shared instance of singleton bean 'org.springframework.context.event.internalEventListenerFactory'
2023-04-04 02:26:34 DEBUG DefaultListableBeanFactory:225 - Creating shared instance of singleton bean 'org.springframework.context.annotation.internalAutowiredAnnotationProcessor'
2023-04-04 02:26:34 DEBUG DefaultListableBeanFactory:225 - Creating shared instance of singleton bean 'org.springframework.context.annotation.internalJsr250AnnotationProcessor'
2023-04-04 02:26:34 DEBUG DefaultListableBeanFactory:225 - Creating shared instance of singleton bean 'org.springframework.boot.test.mock.mockito.MockitoPostProcessor$SpyPostProcessor'
2023-04-04 02:26:34 DEBUG DefaultListableBeanFactory:225 - Creating shared instance of singleton bean 'browserFactory'
2023-04-04 02:26:34 DEBUG DefaultListableBeanFactory:225 - Creating shared instance of singleton bean 'webDriver'
2023-04-04 02:26:34 DEBUG DefaultLifecycleProcessor:352 - Starting beans in phase -2147483647
2023-04-04 02:26:34 DEBUG DefaultLifecycleProcessor:184 - Successfully started bean 'springBootLoggingLifecycle'
2023-04-04 02:26:34 INFO  SpringbootSeleniumTest:57 - Started SpringbootSeleniumTest in 0.773 seconds (process running for 3.885)
2023-04-04 02:26:34 DEBUG cache:290 - Spring test ApplicationContext cache statistics: [DefaultContextCache@242a209e size = 1, maxSize = 32, parentContextCount = 0, hitCount = 0, missCount = 1]
2023-04-04 02:26:34 DEBUG cache:290 - Spring test ApplicationContext cache statistics: [DefaultContextCache@242a209e size = 1, maxSize = 32, parentContextCount = 0, hitCount = 1, missCount = 1]
2023-04-04 02:26:36 DEBUG InternalLoggerFactory:76 - Using Log4J2 as the default logging framework
2023-04-04 02:26:36 DEBUG ResourceLeakDetector:129 - -Dio.netty.leakDetection.level: simple
2023-04-04 02:26:36 DEBUG ResourceLeakDetector:130 - -Dio.netty.leakDetection.targetRecords: 4
2023-04-04 02:26:36 DEBUG ResourceLeakDetectorFactory:196 - Loaded default ResourceLeakDetector: io.netty.util.ResourceLeakDetector@7f13811b
2023-04-04 02:26:36 DEBUG PlatformDependent0:496 - -Dio.netty.noUnsafe: false
2023-04-04 02:26:36 DEBUG PlatformDependent0:1000 - Java version: 18
2023-04-04 02:26:36 DEBUG PlatformDependent0:137 - sun.misc.Unsafe.theUnsafe: available
2023-04-04 02:26:36 DEBUG PlatformDependent0:161 - sun.misc.Unsafe.copyMemory: available
2023-04-04 02:26:36 DEBUG PlatformDependent0:193 - sun.misc.Unsafe.storeFence: available
2023-04-04 02:26:36 DEBUG PlatformDependent0:236 - java.nio.Buffer.address: available
2023-04-04 02:26:36 DEBUG PlatformDependent0:320 - direct buffer constructor: unavailable: Reflective setAccessible(true) disabled
2023-04-04 02:26:36 DEBUG PlatformDependent0:385 - java.nio.Bits.unaligned: available, true
2023-04-04 02:26:36 DEBUG PlatformDependent0:452 - jdk.internal.misc.Unsafe.allocateUninitializedArray(int): unavailable: class io.netty.util.internal.PlatformDependent0$7 cannot access class jdk.internal.misc.Unsafe (in module java.base) because module java.base does not export jdk.internal.misc to unnamed module @12843fce
2023-04-04 02:26:36 DEBUG PlatformDependent0:482 - java.nio.DirectByteBuffer.<init>(long, int): unavailable
2023-04-04 02:26:36 DEBUG PlatformDependent:1159 - sun.misc.Unsafe: available
2023-04-04 02:26:36 DEBUG PlatformDependent:1270 - maxDirectMemory: 2103443456 bytes (maybe)
2023-04-04 02:26:36 DEBUG PlatformDependent:1289 - -Dio.netty.tmpdir: C:\Users\Mukes\AppData\Local\Temp (java.io.tmpdir)
2023-04-04 02:26:36 DEBUG PlatformDependent:1368 - -Dio.netty.bitMode: 64 (sun.arch.data.model)
2023-04-04 02:26:36 DEBUG PlatformDependent:1119 - Platform: Windows
2023-04-04 02:26:36 DEBUG PlatformDependent:178 - -Dio.netty.maxDirectMemory: -1 bytes
2023-04-04 02:26:36 DEBUG PlatformDependent:185 - -Dio.netty.uninitializedArrayAllocationThreshold: -1
2023-04-04 02:26:36 DEBUG CleanerJava9:71 - java.nio.ByteBuffer.cleaner(): available
2023-04-04 02:26:36 DEBUG PlatformDependent:205 - -Dio.netty.noPreferDirect: false
2023-04-04 02:26:36 DEBUG PlatformDependent:1010 - org.jctools-core.MpscChunkedArrayQueue: available
2023-04-04 02:26:36 DEBUG InternalThreadLocalMap:100 - -Dio.netty.threadLocalMap.stringBuilder.initialSize: 1024
2023-04-04 02:26:36 DEBUG InternalThreadLocalMap:101 - -Dio.netty.threadLocalMap.stringBuilder.maxSize: 4096
2023-04-04 02:26:36 DEBUG JdkSslContext:83 - Default protocols (JDK): [TLSv1.3, TLSv1.2] 
2023-04-04 02:26:36 DEBUG JdkSslContext:84 - Default cipher suites (JDK): [TLS_ECDHE_ECDSA_WITH_AES_256_GCM_SHA384, TLS_ECDHE_ECDSA_WITH_AES_128_GCM_SHA256, TLS_ECDHE_RSA_WITH_AES_128_GCM_SHA256, TLS_ECDHE_RSA_WITH_AES_256_GCM_SHA384, TLS_ECDHE_RSA_WITH_AES_128_CBC_SHA, TLS_ECDHE_RSA_WITH_AES_256_CBC_SHA, TLS_RSA_WITH_AES_128_GCM_SHA256, TLS_RSA_WITH_AES_128_CBC_SHA, TLS_RSA_WITH_AES_256_CBC_SHA, TLS_AES_128_GCM_SHA256, TLS_AES_256_GCM_SHA384]
2023-04-04 02:26:36 DEBUG MultithreadEventLoopGroup:44 - -Dio.netty.eventLoopThreads: 16
2023-04-04 02:26:36 DEBUG NioEventLoop:110 - -Dio.netty.noKeySetOptimization: false
2023-04-04 02:26:36 DEBUG NioEventLoop:111 - -Dio.netty.selectorAutoRebuildThreshold: 512
2023-04-04 02:26:36 DEBUG PooledByteBufAllocator:157 - -Dio.netty.allocator.numHeapArenas: 16
2023-04-04 02:26:36 DEBUG PooledByteBufAllocator:158 - -Dio.netty.allocator.numDirectArenas: 16
2023-04-04 02:26:36 DEBUG PooledByteBufAllocator:160 - -Dio.netty.allocator.pageSize: 8192
2023-04-04 02:26:36 DEBUG PooledByteBufAllocator:165 - -Dio.netty.allocator.maxOrder: 9
2023-04-04 02:26:36 DEBUG PooledByteBufAllocator:169 - -Dio.netty.allocator.chunkSize: 4194304
2023-04-04 02:26:36 DEBUG PooledByteBufAllocator:170 - -Dio.netty.allocator.smallCacheSize: 256
2023-04-04 02:26:36 DEBUG PooledByteBufAllocator:171 - -Dio.netty.allocator.normalCacheSize: 64
2023-04-04 02:26:36 DEBUG PooledByteBufAllocator:172 - -Dio.netty.allocator.maxCachedBufferCapacity: 32768
2023-04-04 02:26:36 DEBUG PooledByteBufAllocator:173 - -Dio.netty.allocator.cacheTrimInterval: 8192
2023-04-04 02:26:36 DEBUG PooledByteBufAllocator:174 - -Dio.netty.allocator.cacheTrimIntervalMillis: 0
2023-04-04 02:26:36 DEBUG PooledByteBufAllocator:175 - -Dio.netty.allocator.useCacheForAllThreads: false
2023-04-04 02:26:36 DEBUG PooledByteBufAllocator:176 - -Dio.netty.allocator.maxCachedByteBuffersPerChunk: 1023
2023-04-04 02:26:36 DEBUG ByteBufUtil:87 - -Dio.netty.allocator.type: pooled
2023-04-04 02:26:36 DEBUG ByteBufUtil:96 - -Dio.netty.threadLocalDirectBufferSize: 0
2023-04-04 02:26:36 DEBUG ByteBufUtil:99 - -Dio.netty.maxThreadLocalCharBufferSize: 16384
2023-04-04 02:26:37 DEBUG DefaultChannelId:79 - -Dio.netty.processId: 19196 (auto-detected)
2023-04-04 02:26:37 DEBUG NetUtil:142 - -Djava.net.preferIPv4Stack: false
2023-04-04 02:26:37 DEBUG NetUtil:143 - -Djava.net.preferIPv6Addresses: false
2023-04-04 02:26:37 DEBUG NetUtilInitializations:139 - Loopback interface: lo (Software Loopback Interface 1, 127.0.0.1)
2023-04-04 02:26:37 DEBUG NetUtil:200 - Failed to get SOMAXCONN from sysctl and file \proc\sys\net\core\somaxconn. Default: 200
2023-04-04 02:26:37 DEBUG DefaultChannelId:101 - -Dio.netty.machineId: 00:15:5d:ff:fe:2a:b5:00 (auto-detected)
2023-04-04 02:26:37 DEBUG AbstractByteBuf:63 - -Dio.netty.buffer.checkAccessible: true
2023-04-04 02:26:37 DEBUG AbstractByteBuf:64 - -Dio.netty.buffer.checkBounds: true
2023-04-04 02:26:37 DEBUG ResourceLeakDetectorFactory:196 - Loaded default ResourceLeakDetector: io.netty.util.ResourceLeakDetector@781dbc36
2023-04-04 02:26:37 DEBUG Recycler:85 - -Dio.netty.recycler.maxCapacityPerThread: 4096
2023-04-04 02:26:37 DEBUG Recycler:86 - -Dio.netty.recycler.ratio: 8
2023-04-04 02:26:37 DEBUG Recycler:87 - -Dio.netty.recycler.chunkSize: 32
2023-04-04 02:26:37 DEBUG Recycler:88 - -Dio.netty.recycler.blocking: false
2023-04-04 02:26:38 DEBUG Brotli:38 - brotli4j not in the classpath; Brotli support will be unavailable.
2023-04-04 02:26:39 DEBUG ThreadLocalRandom:214 - -Dio.netty.initialSeedUniquifier: 0xdb7b4efad34b8574
2023-04-04 02:26:39 DEBUG AbstractDirtiesContextTestExecutionListener:114 - Before test method: class [SpringbootSeleniumTest], method [test1], class annotated with @DirtiesContext [false] with mode [null], method annotated with @DirtiesContext [false] with mode [null]
2023-04-04 02:26:39 DEBUG cache:290 - Spring test ApplicationContext cache statistics: [DefaultContextCache@242a209e size = 1, maxSize = 32, parentContextCount = 0, hitCount = 2, missCount = 1]
2023-04-04 02:26:39 INFO  Log:11 - ****************************************************test1****************************************************
2023-04-04 02:26:39 INFO  Log:11 - Execution of Test Started..
2023-04-04 02:26:39 DEBUG cache:290 - Spring test ApplicationContext cache statistics: [DefaultContextCache@242a209e size = 1, maxSize = 32, parentContextCount = 0, hitCount = 3, missCount = 1]
2023-04-04 02:26:40 DEBUG cache:290 - Spring test ApplicationContext cache statistics: [DefaultContextCache@242a209e size = 1, maxSize = 32, parentContextCount = 0, hitCount = 4, missCount = 1]
2023-04-04 02:26:40 INFO  Log:11 - *******************************************test1*******************************************
2023-04-04 02:26:40 INFO  Log:11 - Execution of Tests Started..
2023-04-04 02:26:40 DEBUG cache:290 - Spring test ApplicationContext cache statistics: [DefaultContextCache@242a209e size = 1, maxSize = 32, parentContextCount = 0, hitCount = 5, missCount = 1]
2023-04-04 02:26:40 DEBUG AbstractDirtiesContextTestExecutionListener:114 - After test method: class [SpringbootSeleniumTest], method [test1], class annotated with @DirtiesContext [false] with mode [null], method annotated with @DirtiesContext [false] with mode [null]
2023-04-04 02:26:40 DEBUG AbstractDirtiesContextTestExecutionListener:114 - Before test method: class [SpringbootSeleniumTest], method [test2], class annotated with @DirtiesContext [false] with mode [null], method annotated with @DirtiesContext [false] with mode [null]
2023-04-04 02:26:40 DEBUG cache:290 - Spring test ApplicationContext cache statistics: [DefaultContextCache@242a209e size = 1, maxSize = 32, parentContextCount = 0, hitCount = 6, missCount = 1]
2023-04-04 02:26:40 INFO  Log:11 - ****************************************************test2****************************************************
2023-04-04 02:26:40 INFO  Log:11 - Execution of Test Started..
2023-04-04 02:26:40 DEBUG cache:290 - Spring test ApplicationContext cache statistics: [DefaultContextCache@242a209e size = 1, maxSize = 32, parentContextCount = 0, hitCount = 7, missCount = 1]
2023-04-04 02:26:40 DEBUG cache:290 - Spring test ApplicationContext cache statistics: [DefaultContextCache@242a209e size = 1, maxSize = 32, parentContextCount = 0, hitCount = 8, missCount = 1]
2023-04-04 02:26:40 INFO  Log:11 - *******************************************test2*******************************************
2023-04-04 02:26:40 INFO  Log:11 - Execution of Tests Started..
2023-04-04 02:26:40 DEBUG cache:290 - Spring test ApplicationContext cache statistics: [DefaultContextCache@242a209e size = 1, maxSize = 32, parentContextCount = 0, hitCount = 9, missCount = 1]
2023-04-04 02:26:40 DEBUG AbstractDirtiesContextTestExecutionListener:114 - After test method: class [SpringbootSeleniumTest], method [test2], class annotated with @DirtiesContext [false] with mode [null], method annotated with @DirtiesContext [false] with mode [null]
2023-04-04 02:26:41 DEBUG cache:290 - Spring test ApplicationContext cache statistics: [DefaultContextCache@242a209e size = 1, maxSize = 32, parentContextCount = 0, hitCount = 10, missCount = 1]
2023-04-04 02:26:41 DEBUG AbstractDirtiesContextTestExecutionListener:154 - After test class: class [SpringbootSeleniumTest], class annotated with @DirtiesContext [false] with mode [null]
2023-04-04 02:26:41 INFO  Log:11 - Execution of Test Suite finished.
2023-04-04 02:26:41 DEBUG AnnotationConfigApplicationContext:1031 - Closing org.springframework.context.annotation.AnnotationConfigApplicationContext@4a3be6a5, started on Tue Apr 04 02:26:34 IST 2023
2023-04-04 02:26:41 DEBUG DefaultLifecycleProcessor:365 - Stopping beans in phase -2147483647
2023-04-04 02:26:41 DEBUG DefaultLifecycleProcessor:238 - Bean 'springBootLoggingLifecycle' completed its stop procedure
